0 info it worked if it ends with ok
1 verbose cli [ '/usr/bin/node', '/usr/bin/npm', 'install' ]
2 info using npm@2.15.1
3 info using node@v0.12.14
4 verbose node symlink /usr/bin/node
5 verbose readDependencies loading dependencies from /vagrant/Heisenberg/package.json
6 warn package.json Heisenberg@1.0.0 No description
7 warn package.json Heisenberg@1.0.0 No README data
8 verbose install where, deps [ '/vagrant/Heisenberg',
8 verbose install   [ 'angular',
8 verbose install     'angular-animate',
8 verbose install     'angular-aria',
8 verbose install     'angular-material',
8 verbose install     'angular-material-calendar',
8 verbose install     'angular-material-icons',
8 verbose install     'angular-messages',
8 verbose install     'angular-route',
8 verbose install     'angular-component-router',
8 verbose install     'angular-sanitize',
8 verbose install     'bootstrap',
8 verbose install     'jquery',
8 verbose install     'mdPickers',
8 verbose install     'moment' ] ]
9 verbose install where, peers [ '/vagrant/Heisenberg', [] ]
10 verbose installManyTop reading for lifecycle /vagrant/Heisenberg/package.json
11 info preinstall Heisenberg@1.0.0
12 verbose installManyTop reading scoped package data from /vagrant/Heisenberg/node_modules/angular/package.json
13 verbose installManyTop reading scoped package data from /vagrant/Heisenberg/node_modules/angular-animate/package.json
14 verbose installManyTop reading scoped package data from /vagrant/Heisenberg/node_modules/angular-aria/package.json
15 verbose installManyTop reading scoped package data from /vagrant/Heisenberg/node_modules/angular-material/package.json
16 verbose installManyTop reading scoped package data from /vagrant/Heisenberg/node_modules/angular-material-calendar/package.json
17 verbose installManyTop reading scoped package data from /vagrant/Heisenberg/node_modules/angular-material-icons/package.json
18 verbose installManyTop reading scoped package data from /vagrant/Heisenberg/node_modules/angular-messages/package.json
19 verbose installManyTop reading scoped package data from /vagrant/Heisenberg/node_modules/angular-route/package.json
20 verbose installManyTop reading scoped package data from /vagrant/Heisenberg/node_modules/angular-sanitize/package.json
21 verbose installManyTop reading scoped package data from /vagrant/Heisenberg/node_modules/bootstrap/package.json
22 verbose installManyTop reading scoped package data from /vagrant/Heisenberg/node_modules/jquery/package.json
23 verbose installManyTop reading scoped package data from /vagrant/Heisenberg/node_modules/mdPickers/package.json
24 verbose installManyTop reading scoped package data from /vagrant/Heisenberg/node_modules/moment/package.json
25 info package.json angular-material@1.0.8 No license field.
26 verbose readDependencies loading dependencies from /vagrant/Heisenberg/package.json
27 verbose targetResolver reading package data from /vagrant/Heisenberg/node_modules/angular/package.json
28 verbose targetResolver reading package data from /vagrant/Heisenberg/node_modules/angular-animate/package.json
29 verbose targetResolver reading package data from /vagrant/Heisenberg/node_modules/angular-aria/package.json
30 verbose targetResolver reading package data from /vagrant/Heisenberg/node_modules/angular-material/package.json
31 verbose targetResolver reading package data from /vagrant/Heisenberg/node_modules/angular-material-calendar/package.json
32 verbose targetResolver reading package data from /vagrant/Heisenberg/node_modules/angular-material-icons/package.json
33 verbose targetResolver reading package data from /vagrant/Heisenberg/node_modules/angular-messages/package.json
34 verbose targetResolver reading package data from /vagrant/Heisenberg/node_modules/angular-route/package.json
35 verbose targetResolver reading package data from /vagrant/Heisenberg/node_modules/angular-sanitize/package.json
36 verbose targetResolver reading package data from /vagrant/Heisenberg/node_modules/bootstrap/package.json
37 verbose targetResolver reading package data from /vagrant/Heisenberg/node_modules/jquery/package.json
38 verbose targetResolver reading package data from /vagrant/Heisenberg/node_modules/mdPickers/package.json
39 verbose targetResolver reading package data from /vagrant/Heisenberg/node_modules/moment/package.json
40 verbose already installed skipping angular-animate@^1.5.5 /vagrant/Heisenberg
41 verbose already installed skipping angular-material@^1.0.8 /vagrant/Heisenberg
42 verbose already installed skipping angular-material-calendar@^0.2.14 /vagrant/Heisenberg
43 verbose already installed skipping angular-material-icons@^0.7.0 /vagrant/Heisenberg
44 verbose already installed skipping angular-messages@^1.5.5 /vagrant/Heisenberg
45 verbose already installed skipping angular-route@^1.5.5 /vagrant/Heisenberg
46 silly cache add args [ 'angular-component-router@^0.2.1', null ]
47 verbose cache add spec angular-component-router@^0.2.1
48 silly cache add parsed spec { raw: 'angular-component-router@^0.2.1',
48 silly cache add   scope: null,
48 silly cache add   name: 'angular-component-router',
48 silly cache add   rawSpec: '^0.2.1',
48 silly cache add   spec: '>=0.2.1 <0.3.0',
48 silly cache add   type: 'range' }
49 silly addNamed angular-component-router@>=0.2.1 <0.3.0
50 verbose addNamed ">=0.2.1 <0.3.0" is a valid semver range for angular-component-router
51 silly addNameRange { name: 'angular-component-router',
51 silly addNameRange   range: '>=0.2.1 <0.3.0',
51 silly addNameRange   hasData: false }
52 silly mapToRegistry name angular-component-router
53 silly mapToRegistry using default registry
54 silly mapToRegistry registry https://registry.npmjs.org/
55 silly mapToRegistry data { raw: 'angular-component-router',
55 silly mapToRegistry   scope: null,
55 silly mapToRegistry   name: 'angular-component-router',
55 silly mapToRegistry   rawSpec: '',
55 silly mapToRegistry   spec: 'latest',
55 silly mapToRegistry   type: 'tag' }
56 silly mapToRegistry uri https://registry.npmjs.org/angular-component-router
57 verbose addNameRange registry:https://registry.npmjs.org/angular-component-router not in flight; fetching
58 verbose already installed skipping angular-sanitize@^1.5.5 /vagrant/Heisenberg
59 verbose already installed skipping bootstrap@^3.3.6 /vagrant/Heisenberg
60 verbose already installed skipping jquery@^2.2.3 /vagrant/Heisenberg
61 verbose already installed skipping mdPickers@^0.7.2 /vagrant/Heisenberg
62 verbose already installed skipping moment@^2.13.0 /vagrant/Heisenberg
63 verbose already installed skipping angular@^1.5.5 /vagrant/Heisenberg
64 verbose already installed skipping angular-aria@^1.5.5 /vagrant/Heisenberg
65 verbose request uri https://registry.npmjs.org/angular-component-router
66 verbose request no auth needed
67 info attempt registry request try #1 at 8:04:32 PM
68 verbose request id bdf252fa4fccfbe4
69 http request GET https://registry.npmjs.org/angular-component-router
70 http 404 https://registry.npmjs.org/angular-component-router
71 verbose headers { 'content-type': 'application/json',
71 verbose headers   'cache-control': 'max-age=0',
71 verbose headers   'content-length': '2',
71 verbose headers   'accept-ranges': 'bytes',
71 verbose headers   date: 'Mon, 16 May 2016 07:33:42 GMT',
71 verbose headers   via: '1.1 varnish',
71 verbose headers   age: '0',
71 verbose headers   connection: 'keep-alive',
71 verbose headers   'x-served-by': 'cache-sin6921-SIN',
71 verbose headers   'x-cache': 'MISS',
71 verbose headers   'x-cache-hits': '0',
71 verbose headers   'x-timer': 'S1463384021.492404,VS0,VE970',
71 verbose headers   vary: 'Accept-Encoding' }
72 silly get cb [ 404,
72 silly get   { 'content-type': 'application/json',
72 silly get     'cache-control': 'max-age=0',
72 silly get     'content-length': '2',
72 silly get     'accept-ranges': 'bytes',
72 silly get     date: 'Mon, 16 May 2016 07:33:42 GMT',
72 silly get     via: '1.1 varnish',
72 silly get     age: '0',
72 silly get     connection: 'keep-alive',
72 silly get     'x-served-by': 'cache-sin6921-SIN',
72 silly get     'x-cache': 'MISS',
72 silly get     'x-cache-hits': '0',
72 silly get     'x-timer': 'S1463384021.492404,VS0,VE970',
72 silly get     vary: 'Accept-Encoding' } ]
73 verbose stack Error: Registry returned 404 for GET on https://registry.npmjs.org/angular-component-router
73 verbose stack     at makeError (/usr/lib/node_modules/npm/node_modules/npm-registry-client/lib/request.js:264:12)
73 verbose stack     at CachingRegistryClient.<anonymous> (/usr/lib/node_modules/npm/node_modules/npm-registry-client/lib/request.js:242:14)
73 verbose stack     at Request._callback (/usr/lib/node_modules/npm/node_modules/npm-registry-client/lib/request.js:172:14)
73 verbose stack     at Request.self.callback (/usr/lib/node_modules/npm/node_modules/request/request.js:199:22)
73 verbose stack     at Request.emit (events.js:110:17)
73 verbose stack     at Request.<anonymous> (/usr/lib/node_modules/npm/node_modules/request/request.js:1036:10)
73 verbose stack     at Request.emit (events.js:129:20)
73 verbose stack     at IncomingMessage.<anonymous> (/usr/lib/node_modules/npm/node_modules/request/request.js:963:12)
73 verbose stack     at IncomingMessage.emit (events.js:129:20)
73 verbose stack     at _stream_readable.js:908:16
74 verbose statusCode 404
75 verbose pkgid angular-component-router
76 verbose cwd /vagrant/Heisenberg
77 error Linux 3.13.0-65-generic
78 error argv "/usr/bin/node" "/usr/bin/npm" "install"
79 error node v0.12.14
80 error npm  v2.15.1
81 error code E404
82 error 404 Registry returned 404 for GET on https://registry.npmjs.org/angular-component-router
82 error 404
82 error 404 'angular-component-router' is not in the npm registry.
82 error 404 You should bug the author to publish it (or use the name yourself!)
82 error 404 It was specified as a dependency of 'Heisenberg'
82 error 404
82 error 404 Note that you can also install from a
82 error 404 tarball, folder, http url, or git url.
83 verbose exit [ 1, true ]
